<?xml version="1.0" encoding="UTF-8"?>
<robot generator="Robot 3.1.2 (Python 3.7.5 on win32)" generated="20200304 18:30:35.625" rpa="false">
<suite id="s1" name="AutomationPractice" source="C:\Users\LuisRomo\source\repos\PySelenium2\AutomationPractice.robot">
<kw name="Use the given browser" type="setup">
<kw name="Use Browser" library="TestRoutines">
<arguments>
<arg>chrome</arg>
</arguments>
<status status="PASS" starttime="20200304 18:30:36.108" endtime="20200304 18:30:43.916"></status>
</kw>
<status status="PASS" starttime="20200304 18:30:36.108" endtime="20200304 18:30:43.916"></status>
</kw>
<test id="s1-t1" name="Verifying all best seller products contain all required information">
<kw name="Given a user is not logged in" library="TestRoutines">
<status status="PASS" starttime="20200304 18:30:43.919" endtime="20200304 18:30:44.501"></status>
</kw>
<kw name="When the best sellers section is selected">
<kw name="Select Page Section" library="TestRoutines">
<arguments>
<arg>${section_name}</arg>
</arguments>
<status status="PASS" starttime="20200304 18:30:44.503" endtime="20200304 18:30:44.805"></status>
</kw>
<status status="PASS" starttime="20200304 18:30:44.502" endtime="20200304 18:30:44.805"></status>
</kw>
<tags>
<tag>BEST SELLERS</tag>
<tag>TESTING</tag>
</tags>
<status status="PASS" starttime="20200304 18:30:43.916" endtime="20200304 18:30:44.806" critical="yes"></status>
</test>
<test id="s1-t2" name="Adding all popular products to the cart and removing them later">
<kw name="Given a user is not logged in" library="TestRoutines">
<status status="PASS" starttime="20200304 18:30:44.809" endtime="20200304 18:30:45.134"></status>
</kw>
<kw name="When the popular section is selected">
<kw name="Select Page Section" library="TestRoutines">
<arguments>
<arg>${section_name}</arg>
</arguments>
<status status="PASS" starttime="20200304 18:30:45.135" endtime="20200304 18:30:45.296"></status>
</kw>
<status status="PASS" starttime="20200304 18:30:45.134" endtime="20200304 18:30:45.296"></status>
</kw>
<kw name="And add all items to the cart" library="TestRoutines">
<status status="PASS" starttime="20200304 18:30:45.299" endtime="20200304 18:30:59.187"></status>
</kw>
<kw name="Then ensure all items are in the mini cart">
<kw name="Get Items From Mini Cart" library="TestRoutines">
<status status="PASS" starttime="20200304 18:30:59.188" endtime="20200304 18:31:00.363"></status>
</kw>
<kw name="Get Active Items" library="TestRoutines">
<status status="PASS" starttime="20200304 18:31:00.363" endtime="20200304 18:31:00.381"></status>
</kw>
<kw name="Compare Active Items With Mini Cart" library="TestRoutines">
<status status="PASS" starttime="20200304 18:31:00.382" endtime="20200304 18:31:00.382"></status>
</kw>
<status status="PASS" starttime="20200304 18:30:59.188" endtime="20200304 18:31:00.382"></status>
</kw>
<kw name="And remove all items from the mini cart" library="TestRoutines">
<status status="PASS" starttime="20200304 18:31:00.383" endtime="20200304 18:31:17.183"></status>
</kw>
<tags>
<tag>POPULAR</tag>
<tag>TESTING</tag>
</tags>
<status status="PASS" starttime="20200304 18:30:44.808" endtime="20200304 18:31:17.184" critical="yes"></status>
</test>
<kw name="Close Browser" library="TestRoutines" type="teardown">
<status status="PASS" starttime="20200304 18:31:17.185" endtime="20200304 18:31:19.540"></status>
</kw>
<doc>This is just a test suite for learning purposes</doc>
<status status="PASS" starttime="20200304 18:30:35.629" endtime="20200304 18:31:19.540"></status>
</suite>
<statistics>
<total>
<stat pass="2" fail="0">Critical Tests</stat>
<stat pass="2" fail="0">All Tests</stat>
</total>
<tag>
<stat pass="1" fail="0">BEST SELLERS</stat>
<stat pass="1" fail="0">POPULAR</stat>
<stat pass="2" fail="0">TESTING</stat>
</tag>
<suite>
<stat pass="2" fail="0" id="s1" name="AutomationPractice">AutomationPractice</stat>
</suite>
</statistics>
<errors>
</errors>
</robot>
